<?xml version="1.0" encoding="UTF-8"?>
<!-- Generated by org.testng.reporters.JUnitReportReporter -->
<testsuite hostname="DESKTOP-8T4D3JD" failures="0" tests="2" name="com.test.LoginTest" time="3.326" errors="0" timestamp="2024-08-13T16:36:39 IST" skipped="0">
  <testcase classname="com.test.LoginTest" name="testInvalidLogin" time="2.288"/>
  <system-out/>
  <testcase classname="com.test.LoginTest" name="testLogin1" time="1.038"/>
  <system-out/>
</testsuite> <!-- com.test.LoginTest -->
