<?xml version="1.0" encoding="UTF-8"?>
<!-- Generated by org.testng.reporters.JUnitReportReporter -->
<testsuite hostname="DESKTOP-8T4D3JD" failures="0" tests="1" name="com.test.HomepageTest" time="32.889" errors="0" timestamp="2024-08-13T16:36:39 IST" skipped="0">
  <testcase classname="com.test.HomepageTest" name="testClickSignIn" time="32.889"/>
  <system-out/>
</testsuite> <!-- com.test.HomepageTest -->
