<?xml version="1.0" encoding="UTF-8"?>
<!-- Generated by org.testng.reporters.JUnitReportReporter -->
<testsuite hostname="DESKTOP-8T4D3JD" failures="0" tests="2" name="com.test.LoginTest" time="3.611" errors="0" timestamp="2024-08-13T14:51:28 IST" skipped="0">
  <testcase classname="com.test.LoginTest" name="testLogin1" time="0.793"/>
  <system-out/>
  <testcase classname="com.test.LoginTest" name="testInvalidLogin" time="2.818"/>
  <system-out/>
</testsuite> <!-- com.test.LoginTest -->
